<?xml version="1.0" encoding="utf-8"?><testsuites name="pytest tests"><testsuite name="pytest" errors="0" failures="0" skipped="0" tests="17" time="4.520" timestamp="2026-02-27T14:10:57.437030+00:00" hostname="agent-env-3f22eb02-be33-412c-b92a-3da0ea1e50dc"><testcase classname="backend.tests.test_lumina_api.TestHealthCheck" name="test_health_returns_200" time="0.239" /><testcase classname="backend.tests.test_lumina_api.TestHealthCheck" name="test_health_services_configured" time="0.056" /><testcase classname="backend.tests.test_lumina_api.TestAuth" name="test_admin_login_success" time="0.275" /><testcase classname="backend.tests.test_lumina_api.TestAuth" name="test_login_invalid_credentials" time="0.057" /><testcase classname="backend.tests.test_lumina_api.TestAuth" name="test_user_registration" time="2.646" /><testcase classname="backend.tests.test_lumina_api.TestAuth" name="test_duplicate_registration_fails" time="0.058" /><testcase classname="backend.tests.test_lumina_api.TestAuth" name="test_get_current_user" time="0.339" /><testcase classname="backend.tests.test_lumina_api.TestCourses" name="test_get_courses_list" time="0.065" /><testcase classname="backend.tests.test_lumina_api.TestCourses" name="test_get_course_detail" time="0.128" /><testcase classname="backend.tests.test_lumina_api.TestCourses" name="test_course_not_found" time="0.054" /><testcase classname="backend.tests.test_lumina_api.TestCourses" name="test_get_categories" time="0.054" /><testcase classname="backend.tests.test_lumina_api.TestCart" name="test_get_empty_cart" time="0.061" /><testcase classname="backend.tests.test_lumina_api.TestCart" name="test_add_to_cart" time="0.144" /><testcase classname="backend.tests.test_lumina_api.TestCart" name="test_cart_unauthenticated" time="0.115" /><testcase classname="backend.tests.test_lumina_api.TestFAQs" name="test_get_faqs" time="0.054" /><testcase classname="backend.tests.test_lumina_api.TestAdmin" name="test_admin_dashboard" time="0.060" /><testcase classname="backend.tests.test_lumina_api.TestAdmin" name="test_admin_users_list" time="0.054" /></testsuite></testsuites>