<?xml version="1.0" encoding="utf-8"?><testsuites name="pytest tests"><testsuite name="pytest" errors="0" failures="0" skipped="0" tests="21" time="5.296" timestamp="2026-02-27T14:12:38.965219+00:00" hostname="agent-env-3f22eb02-be33-412c-b92a-3da0ea1e50dc"><testcase classname="backend.tests.test_course_editor_api.TestSampleCourse" name="test_sample_course_exists" time="0.157" /><testcase classname="backend.tests.test_course_editor_api.TestSampleCourse" name="test_sample_course_has_modules" time="0.066" /><testcase classname="backend.tests.test_course_editor_api.TestSampleCourse" name="test_sample_course_modules_have_lessons" time="0.065" /><testcase classname="backend.tests.test_course_editor_api.TestSampleCourse" name="test_sample_course_has_quizzes" time="0.062" /><testcase classname="backend.tests.test_course_editor_api.TestAdminModuleCRUD" name="test_admin_create_module" time="0.354" /><testcase classname="backend.tests.test_course_editor_api.TestAdminModuleCRUD" name="test_admin_update_module" time="0.126" /><testcase classname="backend.tests.test_course_editor_api.TestAdminModuleCRUD" name="test_admin_delete_module" time="0.110" /><testcase classname="backend.tests.test_course_editor_api.TestAdminLessonCRUD" name="test_admin_create_lesson" time="0.136" /><testcase classname="backend.tests.test_course_editor_api.TestAdminLessonCRUD" name="test_admin_update_lesson" time="0.184" /><testcase classname="backend.tests.test_course_editor_api.TestAdminLessonCRUD" name="test_admin_delete_lesson" time="0.175" /><testcase classname="backend.tests.test_course_editor_api.TestAdminQuizCRUD" name="test_admin_create_quiz" time="0.168" /><testcase classname="backend.tests.test_course_editor_api.TestAdminQuizCRUD" name="test_admin_add_question_to_quiz" time="0.274" /><testcase classname="backend.tests.test_course_editor_api.TestAdminQuizCRUD" name="test_admin_delete_quiz" time="0.197" /><testcase classname="backend.tests.test_course_editor_api.TestAdminUserManagement" name="test_admin_ban_user" time="2.518" /><testcase classname="backend.tests.test_course_editor_api.TestAdminUserManagement" name="test_admin_unban_user" time="0.048" /><testcase classname="backend.tests.test_course_editor_api.TestAdminAssignments" name="test_admin_create_assignment" time="0.062" /><testcase classname="backend.tests.test_course_editor_api.TestAdminAssignments" name="test_admin_get_assignments" time="0.060" /><testcase classname="backend.tests.test_course_editor_api.TestEnrolledCoursesAPI" name="test_enrolled_courses_endpoint" time="0.061" /><testcase classname="backend.tests.test_course_editor_api.TestPaymentIntegration" name="test_payu_config_present" time="0.055" /><testcase classname="backend.tests.test_course_editor_api.TestPaymentIntegration" name="test_payment_initiate_requires_cart" time="0.160" /><testcase classname="backend.tests.test_course_editor_api.TestPaymentIntegration" name="test_payment_initiate_with_cart" time="0.167" /></testsuite></testsuites>