<?xml version="1.0" encoding="utf-8"?><testsuites name="pytest tests"><testsuite name="pytest" errors="0" failures="1" skipped="0" tests="11" time="12.968" timestamp="2026-02-28T10:12:04.574243+00:00" hostname="agent-env-48de6b90-8439-4d0d-9016-43b93ff98cbb"><testcase classname="backend.tests.test_lock_unlock_certificates.TestCertificateLockUnlock" name="test_get_all_certificates" time="1.162" /><testcase classname="backend.tests.test_lock_unlock_certificates.TestCertificateLockUnlock" name="test_unlock_certificate" time="1.214"><failure message="AssertionError: Failed to unlock: {&quot;detail&quot;:&quot;Certificate not found&quot;}&#10;assert 404 == 200&#10; +  where 404 = &lt;Response [404]&gt;.status_code">backend/tests/test_lock_unlock_certificates.py:61: in test_unlock_certificate
    assert response.status_code == 200, f"Failed to unlock: {response.text}"
E   AssertionError: Failed to unlock: {"detail":"Certificate not found"}
E   assert 404 == 200
E    +  where 404 = &lt;Response [404]&gt;.status_code</failure></testcase><testcase classname="backend.tests.test_lock_unlock_certificates.TestCertificateLockUnlock" name="test_lock_certificate" time="1.187" /><testcase classname="backend.tests.test_lock_unlock_certificates.TestCertificateLockUnlock" name="test_unlock_nonexistent_certificate" time="0.949" /><testcase classname="backend.tests.test_lock_unlock_certificates.TestCertificateLockUnlock" name="test_lock_nonexistent_certificate" time="0.967" /><testcase classname="backend.tests.test_lock_unlock_certificates.TestCertificateLockUnlock" name="test_certificate_lock_status_in_list" time="0.993" /><testcase classname="backend.tests.test_lock_unlock_certificates.TestUserCertificateNameUpdate" name="test_get_user_certificates" time="0.947" /><testcase classname="backend.tests.test_lock_unlock_certificates.TestUserCertificateNameUpdate" name="test_update_name_when_locked" time="1.406" /><testcase classname="backend.tests.test_lock_unlock_certificates.TestUserCertificateNameUpdate" name="test_update_name_flow" time="1.720" /><testcase classname="backend.tests.test_lock_unlock_certificates.TestAdminCertificateUpdate" name="test_admin_update_certificate_layout" time="1.176" /><testcase classname="backend.tests.test_lock_unlock_certificates.TestAdminCertificateUpdate" name="test_search_certificate_by_id" time="1.165" /></testsuite></testsuites>