<?xml version="1.0" encoding="utf-8"?><testsuites name="pytest tests"><testsuite name="pytest" errors="0" failures="1" skipped="0" tests="14" time="7.952" timestamp="2026-02-28T09:55:50.547097+00:00" hostname="agent-env-48de6b90-8439-4d0d-9016-43b93ff98cbb"><testcase classname="backend.tests.test_admin_notifications_certificates.TestAdminNotifications" name="test_get_notifications_list" time="1.104" /><testcase classname="backend.tests.test_admin_notifications_certificates.TestAdminNotifications" name="test_send_notification_to_all_users" time="0.250" /><testcase classname="backend.tests.test_admin_notifications_certificates.TestAdminNotifications" name="test_send_notification_validates_empty_title" time="0.267" /><testcase classname="backend.tests.test_admin_notifications_certificates.TestAdminNotifications" name="test_send_notification_validates_empty_message" time="0.245" /><testcase classname="backend.tests.test_admin_notifications_certificates.TestAdminNotifications" name="test_delete_notification" time="0.739" /><testcase classname="backend.tests.test_admin_notifications_certificates.TestAdminCertificates" name="test_get_all_certificates" time="0.275" /><testcase classname="backend.tests.test_admin_notifications_certificates.TestAdminCertificates" name="test_search_certificate_by_id" time="0.491" /><testcase classname="backend.tests.test_admin_notifications_certificates.TestAdminCertificates" name="test_search_certificate_not_found" time="0.254" /><testcase classname="backend.tests.test_admin_notifications_certificates.TestAdminCertificates" name="test_update_certificate" time="0.964" /><testcase classname="backend.tests.test_admin_notifications_certificates.TestAdminCertificates" name="test_unlock_certificate_name" time="0.523" /><testcase classname="backend.tests.test_admin_notifications_certificates.TestCertificateTemplates" name="test_get_certificate_templates" time="0.255" /><testcase classname="backend.tests.test_admin_notifications_certificates.TestCertificateTemplates" name="test_create_certificate_template" time="0.262"><failure message="AssertionError: assert 'template' in {'message': 'Template created', 'template_id': 'ea4bb4a0-9490-41ec-917c-86018f7a2dfe'}">backend/tests/test_admin_notifications_certificates.py:249: in test_create_certificate_template
    assert "template" in data
E   AssertionError: assert 'template' in {'message': 'Template created', 'template_id': 'ea4bb4a0-9490-41ec-917c-86018f7a2dfe'}</failure></testcase><testcase classname="backend.tests.test_admin_notifications_certificates.TestCertificateTemplates" name="test_delete_certificate_template" time="0.504" /><testcase classname="backend.tests.test_admin_notifications_certificates.TestAdminUsersForNotifications" name="test_get_users_list" time="1.734" /></testsuite></testsuites>