<?xml version="1.0" encoding="utf-8"?><testsuites name="pytest tests"><testsuite name="pytest" errors="0" failures="0" skipped="0" tests="13" time="2.761" timestamp="2026-02-28T10:26:57.160479+00:00" hostname="agent-env-48de6b90-8439-4d0d-9016-43b93ff98cbb"><testcase classname="backend.tests.test_iteration7_features.TestHealthCheck" name="test_api_health" time="0.294" /><testcase classname="backend.tests.test_iteration7_features.TestGlobalCertificateDesign" name="test_get_global_design_without_auth" time="0.127" /><testcase classname="backend.tests.test_iteration7_features.TestGlobalCertificateDesign" name="test_get_global_design_with_auth" time="0.686" /><testcase classname="backend.tests.test_iteration7_features.TestGlobalCertificateDesign" name="test_put_global_design_without_auth" time="0.117" /><testcase classname="backend.tests.test_iteration7_features.TestGlobalCertificateDesign" name="test_put_global_design_with_auth" time="0.122" /><testcase classname="backend.tests.test_iteration7_features.TestGlobalCertificateDesign" name="test_get_global_design_after_update" time="0.119" /><testcase classname="backend.tests.test_iteration7_features.TestIndividualCertificateEditing" name="test_get_all_certificates" time="0.126" /><testcase classname="backend.tests.test_iteration7_features.TestIndividualCertificateEditing" name="test_search_certificate_by_id" time="0.248" /><testcase classname="backend.tests.test_iteration7_features.TestIndividualCertificateEditing" name="test_search_certificate_invalid_id" time="0.130" /><testcase classname="backend.tests.test_iteration7_features.TestIndividualCertificateEditing" name="test_lock_unlock_certificate" time="0.356" /><testcase classname="backend.tests.test_iteration7_features.TestCMSAboutPage" name="test_get_about_cms" time="0.122" /><testcase classname="backend.tests.test_iteration7_features.TestCMSContactPage" name="test_get_contact_cms" time="0.120" /><testcase classname="backend.tests.test_iteration7_features.TestCoursesWithINRCurrency" name="test_get_courses_prices" time="0.127" /></testsuite></testsuites>