<?xml version="1.0" encoding="utf-8"?><testsuites name="pytest tests"><testsuite name="pytest" errors="0" failures="0" skipped="0" tests="23" time="8.081" timestamp="2026-02-27T14:58:33.589697+00:00" hostname="agent-env-3f22eb02-be33-412c-b92a-3da0ea1e50dc"><testcase classname="tests.test_new_features.TestHealthEndpoint" name="test_health_check" time="0.133" /><testcase classname="tests.test_new_features.TestAdminUsersPage" name="test_admin_users_list" time="0.464" /><testcase classname="tests.test_new_features.TestAdminUsersPage" name="test_admin_users_search" time="0.148" /><testcase classname="tests.test_new_features.TestAdminUsersPage" name="test_admin_users_filter_by_role" time="0.133" /><testcase classname="tests.test_new_features.TestAdminUsersPage" name="test_admin_ban_unban_toggle" time="0.339" /><testcase classname="tests.test_new_features.TestReferralSystem" name="test_referral_code_auto_generated" time="0.457" /><testcase classname="tests.test_new_features.TestReferralSystem" name="test_referral_stats_endpoint" time="0.117" /><testcase classname="tests.test_new_features.TestReferralSystem" name="test_referral_earnings_endpoint" time="0.137" /><testcase classname="tests.test_new_features.TestReferralSystem" name="test_register_with_referral_code" time="3.050" /><testcase classname="tests.test_new_features.TestReferralSystem" name="test_invalid_referral_code_rejected" time="0.130" /><testcase classname="tests.test_new_features.TestCMSSystem" name="test_admin_get_all_cms" time="0.519" /><testcase classname="tests.test_new_features.TestCMSSystem" name="test_admin_update_cms_section" time="0.246" /><testcase classname="tests.test_new_features.TestCMSSystem" name="test_admin_get_specific_cms" time="0.110" /><testcase classname="tests.test_new_features.TestCMSSystem" name="test_public_cms_endpoint" time="0.110" /><testcase classname="tests.test_new_features.TestCMSSystem" name="test_public_cms_all_sections" time="0.110" /><testcase classname="tests.test_new_features.TestProfileWithCollegeDetails" name="test_get_profile" time="0.460" /><testcase classname="tests.test_new_features.TestProfileWithCollegeDetails" name="test_update_profile_with_college_details" time="0.220" /><testcase classname="tests.test_new_features.TestProfileWithCollegeDetails" name="test_profile_image_upload_endpoint_exists" time="0.106" /><testcase classname="tests.test_new_features.TestProfileWithCollegeDetails" name="test_get_profile_image_endpoint" time="0.137" /><testcase classname="tests.test_new_features.TestAuthenticationFlow" name="test_unauthorized_access_blocked" time="0.530" /><testcase classname="tests.test_new_features.TestAuthenticationFlow" name="test_admin_only_endpoints_protected" time="0.103" /><testcase classname="tests.test_new_features.TestEdgeCases" name="test_referral_self_referral_blocked" time="0.127" /><testcase classname="tests.test_new_features.TestEdgeCases" name="test_cms_default_content_for_missing_sections" time="0.107" /></testsuite></testsuites>