<?xml version="1.0" encoding="utf-8"?><testsuites name="pytest tests"><testsuite name="pytest" errors="0" failures="0" skipped="0" tests="26" time="6.687" timestamp="2026-02-27T16:24:08.530731+00:00" hostname="agent-env-3f22eb02-be33-412c-b92a-3da0ea1e50dc"><testcase classname="backend.tests.test_iteration3_features.TestAuthAndSetup" name="test_health_check" time="0.152" /><testcase classname="backend.tests.test_iteration3_features.TestAuthAndSetup" name="test_admin_login" time="0.338" /><testcase classname="backend.tests.test_iteration3_features.TestProfileImage" name="test_get_profile_image_no_image" time="0.472" /><testcase classname="backend.tests.test_iteration3_features.TestProfileImage" name="test_upload_profile_image_invalid_type" time="0.131" /><testcase classname="backend.tests.test_iteration3_features.TestProfileImage" name="test_upload_profile_image_valid" time="0.117" /><testcase classname="backend.tests.test_iteration3_features.TestProfileImage" name="test_get_profile_image_after_upload" time="0.123" /><testcase classname="backend.tests.test_iteration3_features.TestAdminUsers" name="test_admin_users_list" time="0.529" /><testcase classname="backend.tests.test_iteration3_features.TestAdminUsers" name="test_admin_users_search" time="0.137" /><testcase classname="backend.tests.test_iteration3_features.TestAdminUsers" name="test_admin_user_performance" time="0.265" /><testcase classname="backend.tests.test_iteration3_features.TestAdminWithdrawals" name="test_admin_withdrawals_list" time="0.468" /><testcase classname="backend.tests.test_iteration3_features.TestAdminWithdrawals" name="test_admin_withdrawals_filter_pending" time="0.170" /><testcase classname="backend.tests.test_iteration3_features.TestNotifications" name="test_get_notifications" time="0.444" /><testcase classname="backend.tests.test_iteration3_features.TestNotifications" name="test_delete_notification_not_found" time="0.120" /><testcase classname="backend.tests.test_iteration3_features.TestNotifications" name="test_mark_all_read" time="0.108" /><testcase classname="backend.tests.test_iteration3_features.TestCMSPages" name="test_cms_about_page" time="0.126" /><testcase classname="backend.tests.test_iteration3_features.TestCMSPages" name="test_cms_contact_page" time="0.127" /><testcase classname="backend.tests.test_iteration3_features.TestCMSPages" name="test_cms_pricing_page" time="0.135" /><testcase classname="backend.tests.test_iteration3_features.TestCMSPages" name="test_faqs_endpoint" time="0.126" /><testcase classname="backend.tests.test_iteration3_features.TestCertificates" name="test_get_user_certificates" time="0.518" /><testcase classname="backend.tests.test_iteration3_features.TestCertificates" name="test_get_certificate_for_course_not_enrolled" time="0.111" /><testcase classname="backend.tests.test_iteration3_features.TestCertificates" name="test_request_certificate_not_enrolled" time="0.134" /><testcase classname="backend.tests.test_iteration3_features.TestCertificates" name="test_admin_get_all_certificates" time="0.125" /><testcase classname="backend.tests.test_iteration3_features.TestTickets" name="test_get_tickets" time="0.483" /><testcase classname="backend.tests.test_iteration3_features.TestTickets" name="test_create_ticket" time="0.137" /><testcase classname="backend.tests.test_iteration3_features.TestTickets" name="test_update_ticket_status" time="0.269" /><testcase classname="backend.tests.test_iteration3_features.TestTickets" name="test_close_ticket" time="0.723" /></testsuite></testsuites>